#
# There is insufficient memory for the Java Runtime Environment to continue.
# Native memory allocation (mmap) failed to map 67108864 bytes for G1 virtual space
# Possible reasons:
#   The system is out of physical RAM or swap space
#   The process is running with CompressedOops enabled, and the Java Heap may be blocking the growth of the native heap
# Possible solutions:
#   Reduce memory load on the system
#   Increase physical memory or swap space
#   Check if swap backing store is full
#   Decrease Java heap size (-Xmx/-Xms)
#   Decrease number of Java threads
#   Decrease Java thread stack sizes (-Xss)
#   Set larger code cache with -XX:ReservedCodeCacheSize=
#   JVM is running with Unscaled Compressed Oops mode in which the Java heap is
#     placed in the first 4GB address space. The Java Heap base address is the
#     maximum limit for the native heap growth. Please use -XX:HeapBaseMinAddress
#     to set the Java Heap base and to place the Java Heap above 4GB virtual address.
# This output file may be truncated or incomplete.
#
#  Out of Memory Error (os_windows.cpp:3600), pid=22512, tid=6576
#
# JRE version:  (21.0+35) (build )
# Java VM: Java HotSpot(TM) 64-Bit Server VM (21+35-LTS-2513, mixed mode, sharing, tiered, compressed oops, compressed class ptrs, g1 gc, windows-amd64)
# No core dump will be written. Minidumps are not enabled by default on client versions of Windows
#

---------------  S U M M A R Y ------------

Command Line: -XX:+ShowCodeDetailsInExceptionMessages SearchRoom

Host: Intel(R) Core(TM) i3-3110M CPU @ 2.40GHz, 4 cores, 3G,  Windows 10 , 64 bit Build 19041 (10.0.19041.2913)
Time: Thu Sep 28 10:52:53 2023 India Standard Time elapsed time: 0.032823 seconds (0d 0h 0m 0s)

---------------  T H R E A D  ---------------

Current thread (0x000001b68a347840):  JavaThread "Unknown thread" [_thread_in_vm, id=6576, stack(0x00000059c3e00000,0x00000059c3f00000) (1024K)]

Stack: [0x00000059c3e00000,0x00000059c3f00000]
Native frames: (J=compiled Java code, j=interpreted, Vv=VM code, C=native code)
V  [jvm.dll+0x6c8d39]
V  [jvm.dll+0x854091]
V  [jvm.dll+0x85630e]
V  [jvm.dll+0x8569e3]
V  [jvm.dll+0x2809a6]
V  [jvm.dll+0x6c5425]
V  [jvm.dll+0x6b9e1a]
V  [jvm.dll+0x3555ba]
V  [jvm.dll+0x35d206]
V  [jvm.dll+0x3adf6e]
V  [jvm.dll+0x3ae218]
V  [jvm.dll+0x328fcc]
V  [jvm.dll+0x329b5b]
V  [jvm.dll+0x81c699]
V  [jvm.dll+0x3bb2a1]
V  [jvm.dll+0x805688]
V  [jvm.dll+0x44ed9e]
V  [jvm.dll+0x4506a1]
C  [jli.dll+0x52a3]
C  [ucrtbase.dll+0x21bb2]
C  [KERNEL32.DLL+0x17614]
C  [ntdll.dll+0x526a1]


---------------  P R O C E S S  ---------------

Threads class SMR info:
_java_thread_list=0x00007ff8ddfd7b48, length=0, elements={
}

Java Threads: ( => current thread )
Total: 0

Other Threads:
  0x000001b68a229390 WorkerThread "GC Thread#0"                     [id=15024, stack(0x00000059c3f00000,0x00000059c4000000) (1024K)]
  0x000001b68a3823a0 ConcurrentGCThread "G1 Main Marker"            [id=17020, stack(0x00000059c4000000,0x00000059c4100000) (1024K)]
  0x000001b68a229ad0 WorkerThread "G1 Conc#0"                       [id=15928, stack(0x00000059c4100000,0x00000059c4200000) (1024K)]

[error occurred during error reporting (printing all threads), id 0xc0000005, EXCEPTION_ACCESS_VIOLATION (0xc0000005) at pc=0x00007ff8dd74c097]
VM state: not at safepoint (not fully initialized)

VM Mutex/Monitor currently owned by a thread:  ([mutex/lock_event])
[0x00007ff8de048648] Heap_lock - owner thread: 0x000001b68a347840

Heap address: 0x00000000c1c00000, size: 996 MB, Compressed Oops mode: 32-bit

CDS archive(s) mapped at: [0x0000000000000000-0x0000000000000000-0x0000000000000000), size 0, SharedBaseAddress: 0x0000000800000000, ArchiveRelocationMode: 1.
Narrow klass base: 0x0000000000000000, Narrow klass shift: 0, Narrow klass range: 0x0

GC Precious Log:
 CardTable entry size: 512
 Card Set container configuration: InlinePtr #cards 5 size 8 Array Of Cards #cards 12 size 40 Howl #buckets 4 coarsen threshold 1843 Howl Bitmap #cards 512 size 80 coarsen threshold 460 Card regions per heap region 1 cards per card region 2048

Heap:
 garbage-first heap   total 0K, used 0K [0x00000000c1c00000, 0x0000000100000000)
  region size 1024K, 0 young (0K), 0 survivors (0K)

[error occurred during error reporting (printing heap information), id 0xc0000005, EXCEPTION_ACCESS_VIOLATION (0xc0000005) at pc=0x00007ff8ddb31939]
GC Heap History (0 events):
No events

Dll operation events (1 events):
Event: 0.010 Loaded shared library C:\Program Files\Java\jdk-21\bin\java.dll

Deoptimization events (0 events):
No events

Classes loaded (0 events):
No events

Classes unloaded (0 events):
No events

Classes redefined (0 events):
No events

Internal exceptions (0 events):
No events

ZGC Phase Switch (0 events):
No events

VM Operations (0 events):
No events

Events (0 events):
No events


Dynamic libraries:
0x00007ff759ea0000 - 0x00007ff759eb0000 	C:\Program Files\Java\jdk-21\bin\java.exe
0x00007ff934a10000 - 0x00007ff934c08000 	C:\Windows\SYSTEM32\ntdll.dll
0x00007ff9342e0000 - 0x00007ff93439f000 	C:\Windows\System32\KERNEL32.DLL
0x00007ff932340000 - 0x00007ff932636000 	C:\Windows\System32\KERNELBASE.dll
0x00007ff932240000 - 0x00007ff932340000 	C:\Windows\System32\ucrtbase.dll
0x00007ff91b7d0000 - 0x00007ff91b7e9000 	C:\Program Files\Java\jdk-21\bin\jli.dll
0x00007ff91b170000 - 0x00007ff91b18b000 	C:\Program Files\Java\jdk-21\bin\VCRUNTIME140.dll
0x00007ff933060000 - 0x00007ff93310f000 	C:\Windows\System32\ADVAPI32.dll
0x00007ff934930000 - 0x00007ff9349ce000 	C:\Windows\System32\msvcrt.dll
0x00007ff933110000 - 0x00007ff9331ac000 	C:\Windows\System32\sechost.dll
0x00007ff933450000 - 0x00007ff933576000 	C:\Windows\System32\RPCRT4.dll
0x00007ff933580000 - 0x00007ff93371d000 	C:\Windows\System32\USER32.dll
0x00007ff9320f0000 - 0x00007ff932112000 	C:\Windows\System32\win32u.dll
0x00007ff9344e0000 - 0x00007ff93450c000 	C:\Windows\System32\GDI32.dll
0x00007ff9328b0000 - 0x00007ff9329c5000 	C:\Windows\System32\gdi32full.dll
0x00007ff9329d0000 - 0x00007ff932a6d000 	C:\Windows\System32\msvcp_win.dll
0x00007ff923760000 - 0x00007ff9239fa000 	C:\Windows\WinSxS\amd64_microsoft.windows.common-controls_6595b64144ccf1df_6.0.19041.1110_none_60b5254171f9507e\COMCTL32.dll
0x00007ff920a20000 - 0x00007ff920a2a000 	C:\Windows\SYSTEM32\VERSION.dll
0x00007ff9332e0000 - 0x00007ff933310000 	C:\Windows\System32\IMM32.DLL
0x00007ff92dae0000 - 0x00007ff92daec000 	C:\Program Files\Java\jdk-21\bin\vcruntime140_1.dll
0x00007ff8f57d0000 - 0x00007ff8f585e000 	C:\Program Files\Java\jdk-21\bin\msvcp140.dll
0x00007ff8dd410000 - 0x00007ff8de123000 	C:\Program Files\Java\jdk-21\bin\server\jvm.dll
0x00007ff9333e0000 - 0x00007ff93344b000 	C:\Windows\System32\WS2_32.dll
0x00007ff920ad0000 - 0x00007ff920af7000 	C:\Windows\SYSTEM32\WINMM.dll
0x00007ff931f60000 - 0x00007ff931fab000 	C:\Windows\SYSTEM32\POWRPROF.dll
0x00007ff931f40000 - 0x00007ff931f52000 	C:\Windows\SYSTEM32\UMPDC.dll
0x00007ff92ffb0000 - 0x00007ff92ffc2000 	C:\Windows\SYSTEM32\kernel.appcore.dll
0x00007ff92c300000 - 0x00007ff92c30a000 	C:\Program Files\Java\jdk-21\bin\jimage.dll
0x00007ff91f880000 - 0x00007ff91fa64000 	C:\Windows\SYSTEM32\DBGHELP.DLL
0x00007ff91f070000 - 0x00007ff91f0a4000 	C:\Windows\SYSTEM32\dbgcore.DLL
0x00007ff932640000 - 0x00007ff9326c2000 	C:\Windows\System32\bcryptPrimitives.dll
0x00007ff91b150000 - 0x00007ff91b16f000 	C:\Program Files\Java\jdk-21\bin\java.dll

dbghelp: loaded successfully - version: 4.0.5 - missing functions: none
symbol engine: initialized successfully - sym options: 0x614 - pdb path: .;C:\Program Files\Java\jdk-21\bin;C:\Windows\SYSTEM32;C:\Windows\WinSxS\amd64_microsoft.windows.common-controls_6595b64144ccf1df_6.0.19041.1110_none_60b5254171f9507e;C:\Program Files\Java\jdk-21\bin\server

VM Arguments:
jvm_args: -XX:+ShowCodeDetailsInExceptionMessages 
java_command: SearchRoom
java_class_path (initial): F:\PRAKHAR\JAVA PRAKHAR\Projects\Hotel_Mgmt_System\bin;f:\PRAKHAR\JAVA PRAKHAR\Projects\Hotel_Mgmt_System\lib\mysql-connector-java-8.0.28.jar;c:\Users\user\Downloads\rs2xml.jar
Launcher Type: SUN_STANDARD

[Global flags]
     intx CICompilerCount                          = 3                                         {product} {ergonomic}
     uint ConcGCThreads                            = 1                                         {product} {ergonomic}
     uint G1ConcRefinementThreads                  = 4                                         {product} {ergonomic}
   size_t G1HeapRegionSize                         = 1048576                                   {product} {ergonomic}
    uintx GCDrainStackTargetSize                   = 64                                        {product} {ergonomic}
   size_t InitialHeapSize                          = 67108864                                  {product} {ergonomic}
   size_t MarkStackSize                            = 4194304                                   {product} {ergonomic}
   size_t MaxHeapSize                              = 1044381696                                {product} {ergonomic}
   size_t MinHeapDeltaBytes                        = 1048576                                   {product} {ergonomic}
   size_t MinHeapSize                              = 8388608                                   {product} {ergonomic}
    uintx NonNMethodCodeHeapSize                   = 5832780                                {pd product} {ergonomic}
    uintx NonProfiledCodeHeapSize                  = 122912730                              {pd product} {ergonomic}
    uintx ProfiledCodeHeapSize                     = 122912730                              {pd product} {ergonomic}
    uintx ReservedCodeCacheSize                    = 251658240                              {pd product} {ergonomic}
     bool SegmentedCodeCache                       = true                                      {product} {ergonomic}
     bool ShowCodeDetailsInExceptionMessages       = true                                   {manageable} {command line}
   size_t SoftMaxHeapSize                          = 1044381696                             {manageable} {ergonomic}
     bool UseCompressedOops                        = true                           {product lp64_product} {ergonomic}
     bool UseG1GC                                  = true                                      {product} {ergonomic}
     bool UseLargePagesIndividualAllocation        = false                                  {pd product} {ergonomic}

Logging:
Log output configuration:
 #0: stdout all=warning uptime,level,tags foldmultilines=false
 #1: stderr all=off uptime,level,tags foldmultilines=false

Environment Variables:
PATH=C:\Program Files\Common Files\Oracle\Java\javapath;C:\Windows\system32;C:\Windows;C:\Windows\System32\Wbem;C:\Windows\System32\WindowsPowerShell\v1.0\;C:\Windows\System32\OpenSSH\;C:\Program Files\MySQL\MySQL Shell 8.0\bin\;C:\Users\user\AppData\Local\Microsoft\WindowsApps;C:\Users\user\AppData\Local\Programs\Microsoft VS Code\bin
USERNAME=user
LANG=en_US.UTF-8
OS=Windows_NT
PROCESSOR_IDENTIFIER=Intel64 Family 6 Model 58 Stepping 9, GenuineIntel
TMP=C:\Users\user\AppData\Local\Temp
TEMP=C:\Users\user\AppData\Local\Temp




---------------  S Y S T E M  ---------------

OS:
 Windows 10 , 64 bit Build 19041 (10.0.19041.2913)
OS uptime: 2 days 15:17 hours

CPU: total 4 (initial active 4) (2 cores per cpu, 2 threads per core) family 6 model 58 stepping 9 microcode 0x21, cx8, cmov, fxsr, ht, mmx, sse, sse2, sse3, ssse3, sse4.1, sse4.2, popcnt, tsc, tscinvbit, avx, erms, clmul, vzeroupper, clflush, rdtscp, f16c
Processor Information for all 4 processors :
  Max Mhz: 2400, Current Mhz: 2400, Mhz Limit: 2400

Memory: 4k page, system-wide physical 3983M (338M free)
TotalPageFile size 16271M (AvailPageFile size 64M)
current process WorkingSet (physical memory assigned to process): 10M, peak: 10M
current process commit charge ("private bytes"): 51M, peak: 115M

vm_info: Java HotSpot(TM) 64-Bit Server VM (21+35-LTS-2513) for windows-amd64 JRE (21+35-LTS-2513), built on 2023-08-09T20:25:10Z by "mach5one" with MS VC++ 17.1 (VS2022)

END.
